{
  "RSpec": {
    "coverage": {
      "/home/crespire/the_odin_project/rails_railsbook/app/models/user.rb": {
        "lines": [
          1,
          null,
          null,
          1,
          null,
          null,
          1,
          null,
          1,
          null,
          1,
          1,
          1,
          1,
          null,
          1,
          null,
          null,
          null,
          null,
          1,
          null,
          null,
          null,
          null,
          83,
          83,
          45,
          45,
          null,
          1,
          1,
          1,
          1,
          null,
          1,
          null,
          1,
          29,
          null,
          null,
          1,
          23,
          null,
          null,
          1,
          15,
          null,
          null,
          1,
          7,
          null,
          6,
          null,
          null,
          1,
          54,
          null,
          null,
          1,
          64,
          2,
          62,
          2,
          null,
          60,
          null,
          null,
          null,
          1,
          0,
          0,
          null,
          0,
          0,
          null,
          null,
          null,
          null,
          0,
          null,
          null,
          1,
          null,
          1,
          217,
          null,
          null
        ]
      },
      "/home/crespire/the_odin_project/rails_railsbook/app/models/application_record.rb": {
        "lines": [
          1,
          1,
          null
        ]
      },
      "/home/crespire/the_odin_project/rails_railsbook/app/helpers/application_helper.rb": {
        "lines": [
          1,
          1,
          2,
          null,
          null
        ]
      },
      "/home/crespire/the_odin_project/rails_railsbook/app/models/concerns/notifiable.rb": {
        "lines": [
          1,
          1,
          null,
          1,
          3,
          null,
          3,
          92,
          92,
          null,
          null,
          null,
          null,
          null,
          3,
          31,
          null,
          31,
          null,
          null,
          null,
          null,
          null,
          3,
          18,
          18,
          null,
          null,
          null,
          null,
          null,
          3,
          null,
          3,
          141,
          null,
          122,
          122,
          null,
          122,
          null,
          52,
          52,
          null,
          32,
          32,
          null,
          38,
          38,
          null,
          0,
          null,
          null,
          122,
          122,
          null,
          null,
          null
        ]
      },
      "/home/crespire/the_odin_project/rails_railsbook/app/mailers/user_mailer.rb": {
        "lines": [
          1,
          1,
          null,
          1,
          184,
          184,
          184,
          null,
          null
        ]
      },
      "/home/crespire/the_odin_project/rails_railsbook/app/mailers/application_mailer.rb": {
        "lines": [
          1,
          1,
          1,
          null
        ]
      },
      "/home/crespire/the_odin_project/rails_railsbook/app/models/post.rb": {
        "lines": [
          1,
          1,
          1,
          1,
          1,
          null,
          1,
          null
        ]
      },
      "/home/crespire/the_odin_project/rails_railsbook/app/validators/rich_content_validator.rb": {
        "lines": [
          1,
          1,
          null,
          1,
          123,
          123,
          123,
          null,
          null
        ]
      },
      "/home/crespire/the_odin_project/rails_railsbook/app/models/request.rb": {
        "lines": [
          1,
          1,
          null,
          1,
          1,
          null,
          1,
          null,
          1,
          1,
          1,
          1,
          null,
          165,
          97,
          null,
          1,
          3,
          null,
          null,
          1,
          null,
          1,
          50,
          null,
          null
        ]
      },
      "/home/crespire/the_odin_project/rails_railsbook/app/controllers/application_controller.rb": {
        "lines": [
          1,
          1,
          null,
          1,
          null,
          1,
          27,
          2,
          null,
          null,
          27,
          0,
          null,
          null,
          null
        ]
      },
      "/home/crespire/the_odin_project/rails_railsbook/app/models/notification.rb": {
        "lines": [
          1,
          1,
          1,
          1,
          null,
          1,
          1,
          1,
          1,
          null,
          151,
          1,
          null,
          1,
          0,
          null,
          null
        ]
      },
      "/home/crespire/the_odin_project/rails_railsbook/app/controllers/posts_controller.rb": {
        "lines": [
          1,
          1,
          1,
          null,
          1,
          31,
          31,
          null,
          null,
          1,
          0,
          null,
          null,
          null,
          1,
          1,
          1,
          null,
          0,
          null,
          null,
          null,
          null,
          1,
          1,
          null,
          1,
          1,
          0,
          0,
          null,
          0,
          null,
          null,
          null,
          1,
          1,
          2,
          1,
          null,
          null,
          null,
          null,
          null,
          1,
          0,
          null,
          0,
          0,
          0,
          0,
          null,
          0,
          0,
          0,
          0,
          null,
          null,
          null,
          null,
          null,
          1,
          2,
          null,
          2,
          null,
          2,
          2,
          4,
          2,
          null,
          null,
          null,
          1,
          null,
          null,
          1,
          3,
          null,
          null,
          null,
          1,
          1,
          null,
          null
        ]
      },
      "/home/crespire/the_odin_project/rails_railsbook/app/models/like.rb": {
        "lines": [
          1,
          1,
          null,
          1,
          1,
          null,
          1,
          null,
          1,
          1,
          1,
          1,
          null
        ]
      },
      "/home/crespire/the_odin_project/rails_railsbook/app/models/comment.rb": {
        "lines": [
          1,
          1,
          null,
          1,
          1,
          null,
          1,
          1,
          1,
          null,
          1,
          null
        ]
      },
      "/home/crespire/the_odin_project/rails_railsbook/app/channels/application_cable/connection.rb": {
        "lines": [
          1,
          1,
          null,
          null
        ]
      },
      "/home/crespire/the_odin_project/rails_railsbook/app/controllers/comments_controller.rb": {
        "lines": [
          1,
          1,
          1,
          1,
          null,
          1,
          0,
          null,
          null,
          1,
          0,
          0,
          null,
          null,
          1,
          0,
          null,
          0,
          null,
          null,
          1,
          1,
          1,
          null,
          1,
          1,
          0,
          0,
          null,
          0,
          0,
          null,
          null,
          null,
          1,
          1,
          2,
          1,
          null,
          null,
          null,
          null,
          1,
          0,
          null,
          0,
          0,
          0,
          0,
          null,
          0,
          0,
          0,
          0,
          null,
          null,
          null,
          null,
          1,
          0,
          null,
          0,
          null,
          0,
          0,
          0,
          null,
          null,
          null,
          1,
          null,
          1,
          0,
          null,
          null,
          1,
          1,
          null,
          null,
          1,
          1,
          null,
          null
        ]
      },
      "/home/crespire/the_odin_project/rails_railsbook/app/controllers/users_controller.rb": {
        "lines": [
          1,
          1,
          1,
          null,
          null,
          1,
          0,
          null,
          null,
          null,
          1,
          null,
          1,
          0,
          0,
          null,
          null,
          1,
          null,
          null,
          null,
          1,
          10,
          null,
          10,
          10,
          null,
          null,
          null,
          1,
          4,
          4,
          4,
          null,
          null,
          1,
          null,
          null,
          1,
          6,
          6,
          null,
          0,
          null,
          null,
          null
        ]
      },
      "/home/crespire/the_odin_project/rails_railsbook/app/controllers/requests_controller.rb": {
        "lines": [
          1,
          1,
          1,
          null,
          1,
          null,
          1,
          9,
          9,
          null,
          9,
          null,
          null,
          1,
          3,
          null,
          3,
          null,
          null,
          1,
          3,
          null,
          3,
          null,
          null,
          1,
          null,
          1,
          6,
          6,
          null,
          null,
          null,
          1,
          9,
          null,
          null
        ]
      },
      "/home/crespire/the_odin_project/rails_railsbook/app/controllers/likes_controller.rb": {
        "lines": [
          1,
          1,
          null,
          1,
          6,
          6,
          6,
          null,
          0,
          null,
          null,
          null,
          1,
          4,
          4,
          null,
          null,
          1,
          null,
          1,
          6,
          null,
          null
        ]
      }
    },
    "timestamp": 1661357970
  }
}
